Namespace(batchSize=128, clip=0.4, cuda=False, gpus='0', lr=0.1, momentum=0.9, nEpochs=50, pretrained='', resume='', start_epoch=1, step=10, threads=1, weight_decay=0.0001)
Random Seed:  8423
===> Loading datasets
===> Building model
===> Setting GPU
===> Setting Optimizer
===> Training
Epoch = 1, lr = 0.1
/mnt/panjinshan/10319_zangqing/anaconda3/envs/torch100/lib/python3.6/site-packages/torch/nn/_reduction.py:49: UserWarning: size_average and reduce args will be deprecated, please use reduction='sum' instead.
  warnings.warn(warning.format(ret))
THCudaCheck FAIL file=/opt/conda/conda-bld/pytorch_1544174967633/work/aten/src/THC/THCGeneral.cpp line=405 error=11 : invalid argument
===> Epoch[1](100/2895): Loss: 595.9928588867
===> Epoch[1](200/2895): Loss: 420.0054321289
===> Epoch[1](300/2895): Loss: 422.2278137207
===> Epoch[1](400/2895): Loss: 513.6603393555
===> Epoch[1](500/2895): Loss: 363.2238464355
===> Epoch[1](600/2895): Loss: 323.3546142578
===> Epoch[1](700/2895): Loss: 308.6296691895
===> Epoch[1](800/2895): Loss: 480.8414306641
===> Epoch[1](900/2895): Loss: 384.2625732422
===> Epoch[1](1000/2895): Loss: 367.7996826172
===> Epoch[1](1100/2895): Loss: 454.0402221680
===> Epoch[1](1200/2895): Loss: 358.5000610352
===> Epoch[1](1300/2895): Loss: 473.3955078125
===> Epoch[1](1400/2895): Loss: 302.8087158203
===> Epoch[1](1500/2895): Loss: 495.2500915527
===> Epoch[1](1600/2895): Loss: 363.8246459961
===> Epoch[1](1700/2895): Loss: 393.1995239258
===> Epoch[1](1800/2895): Loss: 387.9857788086
===> Epoch[1](1900/2895): Loss: 408.6111755371
===> Epoch[1](2000/2895): Loss: 279.8766479492
===> Epoch[1](2100/2895): Loss: 357.9998168945
===> Epoch[1](2200/2895): Loss: 422.4327697754
===> Epoch[1](2300/2895): Loss: 351.6288757324
===> Epoch[1](2400/2895): Loss: 398.5237426758
===> Epoch[1](2500/2895): Loss: 288.0029296875
===> Epoch[1](2600/2895): Loss: 368.2397766113
===> Epoch[1](2700/2895): Loss: 374.9400634766
===> Epoch[1](2800/2895): Loss: 377.4916992188
Checkpoint saved to checkpoint/model_epoch_1.pth
Epoch = 2, lr = 0.1
main_vdsr.py:93: UserWarning: torch.nn.utils.clip_grad_norm is now deprecated in favor of torch.nn.utils.clip_grad_norm_.
  nn.utils.clip_grad_norm(model.parameters(),opt.clip)
===> Epoch[2](100/2895): Loss: 337.1402893066
===> Epoch[2](200/2895): Loss: 358.2313537598
===> Epoch[2](300/2895): Loss: 426.7882690430
===> Epoch[2](400/2895): Loss: 402.6046142578
===> Epoch[2](500/2895): Loss: 338.1616516113
===> Epoch[2](600/2895): Loss: 395.9921264648
===> Epoch[2](700/2895): Loss: 404.2708129883
===> Epoch[2](800/2895): Loss: 351.6254272461
===> Epoch[2](900/2895): Loss: 385.5948486328
===> Epoch[2](1000/2895): Loss: 343.8393554688
===> Epoch[2](1100/2895): Loss: 362.6857299805
===> Epoch[2](1200/2895): Loss: 349.4511108398
===> Epoch[2](1300/2895): Loss: 416.0061340332
===> Epoch[2](1400/2895): Loss: 461.2647094727
===> Epoch[2](1500/2895): Loss: 428.1691894531
===> Epoch[2](1600/2895): Loss: 415.2415771484
===> Epoch[2](1700/2895): Loss: 364.4904174805
===> Epoch[2](1800/2895): Loss: 431.5977172852
===> Epoch[2](1900/2895): Loss: 321.7455749512
===> Epoch[2](2000/2895): Loss: 321.3995971680
===> Epoch[2](2100/2895): Loss: 422.7237854004
===> Epoch[2](2200/2895): Loss: 321.9275207520
===> Epoch[2](2300/2895): Loss: 325.8822021484
===> Epoch[2](2400/2895): Loss: 286.0753784180
===> Epoch[2](2500/2895): Loss: 334.8419494629
===> Epoch[2](2600/2895): Loss: 360.5916137695
===> Epoch[2](2700/2895): Loss: 463.2965393066
===> Epoch[2](2800/2895): Loss: 319.4978332520
Checkpoint saved to checkpoint/model_epoch_2.pth
Epoch = 3, lr = 0.1
===> Epoch[3](100/2895): Loss: 274.7157592773
===> Epoch[3](200/2895): Loss: 313.4707031250
===> Epoch[3](300/2895): Loss: 370.6123657227
===> Epoch[3](400/2895): Loss: 383.6668090820
===> Epoch[3](500/2895): Loss: 428.5072021484
===> Epoch[3](600/2895): Loss: 337.6513061523
===> Epoch[3](700/2895): Loss: 317.3352966309
===> Epoch[3](800/2895): Loss: 277.4690246582
===> Epoch[3](900/2895): Loss: 408.0615539551
===> Epoch[3](1000/2895): Loss: 360.3455810547
===> Epoch[3](1100/2895): Loss: 456.0529785156
===> Epoch[3](1200/2895): Loss: 273.7512817383
===> Epoch[3](1300/2895): Loss: 373.9320983887
===> Epoch[3](1400/2895): Loss: 380.3738403320
===> Epoch[3](1500/2895): Loss: 337.7421875000
===> Epoch[3](1600/2895): Loss: 343.6239013672
===> Epoch[3](1700/2895): Loss: 481.0260620117
===> Epoch[3](1800/2895): Loss: 381.6148681641
===> Epoch[3](1900/2895): Loss: 368.2930908203
===> Epoch[3](2000/2895): Loss: 341.3445434570
===> Epoch[3](2100/2895): Loss: 375.2068481445
===> Epoch[3](2200/2895): Loss: 460.2528076172
===> Epoch[3](2300/2895): Loss: 312.4556274414
===> Epoch[3](2400/2895): Loss: 394.4740295410
===> Epoch[3](2500/2895): Loss: 352.9862976074
===> Epoch[3](2600/2895): Loss: 333.3622131348
===> Epoch[3](2700/2895): Loss: 363.9591979980
===> Epoch[3](2800/2895): Loss: 352.1253051758
Checkpoint saved to checkpoint/model_epoch_3.pth
Epoch = 4, lr = 0.1
===> Epoch[4](100/2895): Loss: 437.0008544922
===> Epoch[4](200/2895): Loss: 314.8244018555
===> Epoch[4](300/2895): Loss: 307.9293518066
===> Epoch[4](400/2895): Loss: 338.5116271973
===> Epoch[4](500/2895): Loss: 331.9876098633
===> Epoch[4](600/2895): Loss: 399.1431579590
===> Epoch[4](700/2895): Loss: 366.8442993164
===> Epoch[4](800/2895): Loss: 397.7861938477
===> Epoch[4](900/2895): Loss: 339.5785217285
===> Epoch[4](1000/2895): Loss: 347.3756103516
===> Epoch[4](1100/2895): Loss: 319.4339599609
===> Epoch[4](1200/2895): Loss: 300.5532531738
===> Epoch[4](1300/2895): Loss: 410.4968261719
===> Epoch[4](1400/2895): Loss: 291.2922363281
===> Epoch[4](1500/2895): Loss: 382.3509826660
===> Epoch[4](1600/2895): Loss: 450.9730529785
===> Epoch[4](1700/2895): Loss: 261.5123291016
===> Epoch[4](1800/2895): Loss: 460.6763305664
===> Epoch[4](1900/2895): Loss: 333.1022949219
===> Epoch[4](2000/2895): Loss: 415.5758056641
===> Epoch[4](2100/2895): Loss: 337.3285217285
===> Epoch[4](2200/2895): Loss: 376.4022216797
===> Epoch[4](2300/2895): Loss: 332.2462158203
===> Epoch[4](2400/2895): Loss: 357.8680419922
===> Epoch[4](2500/2895): Loss: 348.8736877441
===> Epoch[4](2600/2895): Loss: 391.1058349609
===> Epoch[4](2700/2895): Loss: 335.3911132812
===> Epoch[4](2800/2895): Loss: 313.3493957520
Checkpoint saved to checkpoint/model_epoch_4.pth
Epoch = 5, lr = 0.1
===> Epoch[5](100/2895): Loss: 420.1723327637
===> Epoch[5](200/2895): Loss: 347.3694458008
===> Epoch[5](300/2895): Loss: 380.2827758789
===> Epoch[5](400/2895): Loss: 363.7512207031
===> Epoch[5](500/2895): Loss: 380.0143432617
===> Epoch[5](600/2895): Loss: 430.8980712891
===> Epoch[5](700/2895): Loss: 355.9449768066
===> Epoch[5](800/2895): Loss: 345.3933105469
===> Epoch[5](900/2895): Loss: 362.5736083984
===> Epoch[5](1000/2895): Loss: 371.7067871094
===> Epoch[5](1100/2895): Loss: 309.1228027344
===> Epoch[5](1200/2895): Loss: 407.5981445312
===> Epoch[5](1300/2895): Loss: 330.3193969727
===> Epoch[5](1400/2895): Loss: 362.7614440918
===> Epoch[5](1500/2895): Loss: 388.6814270020
===> Epoch[5](1600/2895): Loss: 401.9756774902
===> Epoch[5](1700/2895): Loss: 269.5783691406
===> Epoch[5](1800/2895): Loss: 403.9268798828
===> Epoch[5](1900/2895): Loss: 347.7295227051
===> Epoch[5](2000/2895): Loss: 377.7428588867
===> Epoch[5](2100/2895): Loss: 350.4288330078
===> Epoch[5](2200/2895): Loss: 306.0311279297
===> Epoch[5](2300/2895): Loss: 360.5701293945
===> Epoch[5](2400/2895): Loss: 413.2101135254
===> Epoch[5](2500/2895): Loss: 325.5843505859
===> Epoch[5](2600/2895): Loss: 340.8820495605
===> Epoch[5](2700/2895): Loss: 277.9661254883
===> Epoch[5](2800/2895): Loss: 263.6752319336
Checkpoint saved to checkpoint/model_epoch_5.pth
Epoch = 6, lr = 0.1
===> Epoch[6](100/2895): Loss: 384.7045288086
===> Epoch[6](200/2895): Loss: 413.0376892090
===> Epoch[6](300/2895): Loss: 265.9649353027
===> Epoch[6](400/2895): Loss: 381.2906494141
===> Epoch[6](500/2895): Loss: 364.2207031250
===> Epoch[6](600/2895): Loss: 294.5536804199
===> Epoch[6](700/2895): Loss: 268.5348205566
===> Epoch[6](800/2895): Loss: 333.0325012207
===> Epoch[6](900/2895): Loss: 377.8186950684
===> Epoch[6](1000/2895): Loss: 321.4633789062
===> Epoch[6](1100/2895): Loss: 344.8659667969
===> Epoch[6](1200/2895): Loss: 399.3742675781
===> Epoch[6](1300/2895): Loss: 277.3395690918
===> Epoch[6](1400/2895): Loss: 272.0732727051
===> Epoch[6](1500/2895): Loss: 332.3446655273
===> Epoch[6](1600/2895): Loss: 372.1770324707
===> Epoch[6](1700/2895): Loss: 295.9977722168
===> Epoch[6](1800/2895): Loss: 377.5061035156
===> Epoch[6](1900/2895): Loss: 267.1279296875
===> Epoch[6](2000/2895): Loss: 347.1412658691
===> Epoch[6](2100/2895): Loss: 311.4196166992
===> Epoch[6](2200/2895): Loss: 429.3698730469
===> Epoch[6](2300/2895): Loss: 337.5632324219
===> Epoch[6](2400/2895): Loss: 385.0589904785
===> Epoch[6](2500/2895): Loss: 333.8913574219
===> Epoch[6](2600/2895): Loss: 325.0866699219
===> Epoch[6](2700/2895): Loss: 405.9511108398
===> Epoch[6](2800/2895): Loss: 323.9052734375
Checkpoint saved to checkpoint/model_epoch_6.pth
Epoch = 7, lr = 0.1
===> Epoch[7](100/2895): Loss: 317.2920532227
===> Epoch[7](200/2895): Loss: 279.4317626953
===> Epoch[7](300/2895): Loss: 326.9392395020
===> Epoch[7](400/2895): Loss: 376.2690734863
===> Epoch[7](500/2895): Loss: 371.0806274414
===> Epoch[7](600/2895): Loss: 297.7488098145
===> Epoch[7](700/2895): Loss: 351.7717895508
===> Epoch[7](800/2895): Loss: 298.8009643555
===> Epoch[7](900/2895): Loss: 408.7870483398
===> Epoch[7](1000/2895): Loss: 381.6261596680
===> Epoch[7](1100/2895): Loss: 320.5381164551
===> Epoch[7](1200/2895): Loss: 324.5787963867
===> Epoch[7](1300/2895): Loss: 428.3459777832
===> Epoch[7](1400/2895): Loss: 332.0496826172
===> Epoch[7](1500/2895): Loss: 278.9215087891
===> Epoch[7](1600/2895): Loss: 304.1575012207
===> Epoch[7](1700/2895): Loss: 429.0428466797
===> Epoch[7](1800/2895): Loss: 308.3040161133
===> Epoch[7](1900/2895): Loss: 326.9636840820
===> Epoch[7](2000/2895): Loss: 385.4144897461
===> Epoch[7](2100/2895): Loss: 292.2005004883
===> Epoch[7](2200/2895): Loss: 377.9941711426
===> Epoch[7](2300/2895): Loss: 329.3153686523
===> Epoch[7](2400/2895): Loss: 354.3903198242
===> Epoch[7](2500/2895): Loss: 372.2089233398
===> Epoch[7](2600/2895): Loss: 333.8818054199
===> Epoch[7](2700/2895): Loss: 454.9086914062
===> Epoch[7](2800/2895): Loss: 293.1312255859
Checkpoint saved to checkpoint/model_epoch_7.pth
Epoch = 8, lr = 0.1
===> Epoch[8](100/2895): Loss: 363.4674072266
===> Epoch[8](200/2895): Loss: 363.8900451660
===> Epoch[8](300/2895): Loss: 330.9762878418
===> Epoch[8](400/2895): Loss: 349.0235595703
===> Epoch[8](500/2895): Loss: 325.6334228516
===> Epoch[8](600/2895): Loss: 387.6595153809
===> Epoch[8](700/2895): Loss: 405.2883911133
===> Epoch[8](800/2895): Loss: 319.7891845703
===> Epoch[8](900/2895): Loss: 302.0848999023
===> Epoch[8](1000/2895): Loss: 375.8134155273
===> Epoch[8](1100/2895): Loss: 374.8294067383
===> Epoch[8](1200/2895): Loss: 356.9860229492
===> Epoch[8](1300/2895): Loss: 314.5963134766
===> Epoch[8](1400/2895): Loss: 450.8792724609
===> Epoch[8](1500/2895): Loss: 311.0213928223
===> Epoch[8](1600/2895): Loss: 413.1485900879
===> Epoch[8](1700/2895): Loss: 426.0134277344
===> Epoch[8](1800/2895): Loss: 368.1934814453
===> Epoch[8](1900/2895): Loss: 363.0163269043
===> Epoch[8](2000/2895): Loss: 443.3349609375
===> Epoch[8](2100/2895): Loss: 269.1783142090
===> Epoch[8](2200/2895): Loss: 343.8870239258
===> Epoch[8](2300/2895): Loss: 392.4295043945
===> Epoch[8](2400/2895): Loss: 363.8346862793
===> Epoch[8](2500/2895): Loss: 309.9685668945
===> Epoch[8](2600/2895): Loss: 287.5662231445
===> Epoch[8](2700/2895): Loss: 383.2732543945
===> Epoch[8](2800/2895): Loss: 305.6947021484
Checkpoint saved to checkpoint/model_epoch_8.pth
Epoch = 9, lr = 0.1
===> Epoch[9](100/2895): Loss: 473.4417114258
===> Epoch[9](200/2895): Loss: 370.7203979492
===> Epoch[9](300/2895): Loss: 308.7369384766
===> Epoch[9](400/2895): Loss: 296.0192260742
===> Epoch[9](500/2895): Loss: 402.4220886230
===> Epoch[9](600/2895): Loss: 374.5814208984
===> Epoch[9](700/2895): Loss: 379.2490539551
===> Epoch[9](800/2895): Loss: 338.6624145508
===> Epoch[9](900/2895): Loss: 308.1829223633
===> Epoch[9](1000/2895): Loss: 257.6022949219
===> Epoch[9](1100/2895): Loss: 323.0035705566
===> Epoch[9](1200/2895): Loss: 340.4967651367
===> Epoch[9](1300/2895): Loss: 394.5198974609
===> Epoch[9](1400/2895): Loss: 277.4851989746
===> Epoch[9](1500/2895): Loss: 350.7840881348
===> Epoch[9](1600/2895): Loss: 299.3339843750
===> Epoch[9](1700/2895): Loss: 315.8031005859
===> Epoch[9](1800/2895): Loss: 368.4295043945
===> Epoch[9](1900/2895): Loss: 452.3707885742
===> Epoch[9](2000/2895): Loss: 387.5549621582
===> Epoch[9](2100/2895): Loss: 376.6401367188
===> Epoch[9](2200/2895): Loss: 414.6161804199
===> Epoch[9](2300/2895): Loss: 298.1714477539
===> Epoch[9](2400/2895): Loss: 370.5119628906
===> Epoch[9](2500/2895): Loss: 321.6359558105
===> Epoch[9](2600/2895): Loss: 366.4565429688
===> Epoch[9](2700/2895): Loss: 267.3081054688
===> Epoch[9](2800/2895): Loss: 255.2987670898
Checkpoint saved to checkpoint/model_epoch_9.pth
Epoch = 10, lr = 0.1
===> Epoch[10](100/2895): Loss: 390.5520019531
===> Epoch[10](200/2895): Loss: 338.5926513672
===> Epoch[10](300/2895): Loss: 312.9730834961
===> Epoch[10](400/2895): Loss: 396.9479370117
===> Epoch[10](500/2895): Loss: 382.6970214844
===> Epoch[10](600/2895): Loss: 395.7096252441
===> Epoch[10](700/2895): Loss: 302.3408813477
===> Epoch[10](800/2895): Loss: 301.7552795410
===> Epoch[10](900/2895): Loss: 392.6068115234
===> Epoch[10](1000/2895): Loss: 299.7358398438
===> Epoch[10](1100/2895): Loss: 441.4864501953
===> Epoch[10](1200/2895): Loss: 301.7575683594
===> Epoch[10](1300/2895): Loss: 405.5457763672
===> Epoch[10](1400/2895): Loss: 385.9562072754
===> Epoch[10](1500/2895): Loss: 417.2706909180
===> Epoch[10](1600/2895): Loss: 463.9260559082
===> Epoch[10](1700/2895): Loss: 450.8876953125
===> Epoch[10](1800/2895): Loss: 345.3106994629
===> Epoch[10](1900/2895): Loss: 400.3065795898
===> Epoch[10](2000/2895): Loss: 421.4230957031
===> Epoch[10](2100/2895): Loss: 337.3666381836
===> Epoch[10](2200/2895): Loss: 528.3648681641
===> Epoch[10](2300/2895): Loss: 343.9384765625
===> Epoch[10](2400/2895): Loss: 342.0095520020
===> Epoch[10](2500/2895): Loss: 316.2755126953
===> Epoch[10](2600/2895): Loss: 286.2139892578
===> Epoch[10](2700/2895): Loss: 359.3778991699
===> Epoch[10](2800/2895): Loss: 409.1681213379
Checkpoint saved to checkpoint/model_epoch_10.pth
Epoch = 11, lr = 0.010000000000000002
===> Epoch[11](100/2895): Loss: 443.0830078125
===> Epoch[11](200/2895): Loss: 260.5507812500
===> Epoch[11](300/2895): Loss: 358.8800964355
===> Epoch[11](400/2895): Loss: 275.7760620117
===> Epoch[11](500/2895): Loss: 351.8184509277
===> Epoch[11](600/2895): Loss: 351.8394470215
===> Epoch[11](700/2895): Loss: 367.1480102539
===> Epoch[11](800/2895): Loss: 391.9921569824
===> Epoch[11](900/2895): Loss: 394.1914978027
===> Epoch[11](1000/2895): Loss: 344.9589538574
===> Epoch[11](1100/2895): Loss: 299.5947265625
===> Epoch[11](1200/2895): Loss: 314.7066040039
===> Epoch[11](1300/2895): Loss: 372.5600585938
===> Epoch[11](1400/2895): Loss: 354.8988647461
===> Epoch[11](1500/2895): Loss: 325.5139160156
===> Epoch[11](1600/2895): Loss: 332.3837280273
===> Epoch[11](1700/2895): Loss: 403.9818725586
===> Epoch[11](1800/2895): Loss: 379.9263916016
===> Epoch[11](1900/2895): Loss: 273.9973144531
===> Epoch[11](2000/2895): Loss: 327.5482177734
===> Epoch[11](2100/2895): Loss: 247.5312347412
===> Epoch[11](2200/2895): Loss: 335.7964782715
===> Epoch[11](2300/2895): Loss: 412.9564208984
===> Epoch[11](2400/2895): Loss: 328.1202087402
===> Epoch[11](2500/2895): Loss: 292.2861633301
===> Epoch[11](2600/2895): Loss: 295.8990478516
===> Epoch[11](2700/2895): Loss: 355.6966552734
===> Epoch[11](2800/2895): Loss: 333.7048339844
Checkpoint saved to checkpoint/model_epoch_11.pth
Epoch = 12, lr = 0.010000000000000002
===> Epoch[12](100/2895): Loss: 359.7266235352
===> Epoch[12](200/2895): Loss: 337.1136169434
===> Epoch[12](300/2895): Loss: 392.2244873047
===> Epoch[12](400/2895): Loss: 357.7485961914
===> Epoch[12](500/2895): Loss: 350.8829956055
===> Epoch[12](600/2895): Loss: 357.6852416992
===> Epoch[12](700/2895): Loss: 382.6431884766
===> Epoch[12](800/2895): Loss: 384.3379211426
===> Epoch[12](900/2895): Loss: 329.4074707031
===> Epoch[12](1000/2895): Loss: 302.3710632324
===> Epoch[12](1100/2895): Loss: 342.3630371094
===> Epoch[12](1200/2895): Loss: 289.5378417969
===> Epoch[12](1300/2895): Loss: 295.3665161133
===> Epoch[12](1400/2895): Loss: 325.8855285645
===> Epoch[12](1500/2895): Loss: 276.7551879883
===> Epoch[12](1600/2895): Loss: 302.0625915527
===> Epoch[12](1700/2895): Loss: 354.2257080078
===> Epoch[12](1800/2895): Loss: 347.9232177734
===> Epoch[12](1900/2895): Loss: 390.7785644531
===> Epoch[12](2000/2895): Loss: 270.0238037109
===> Epoch[12](2100/2895): Loss: 327.8401489258
===> Epoch[12](2200/2895): Loss: 359.0002441406
===> Epoch[12](2300/2895): Loss: 346.2453002930
===> Epoch[12](2400/2895): Loss: 363.7135009766
===> Epoch[12](2500/2895): Loss: 338.9884643555
===> Epoch[12](2600/2895): Loss: 279.2010498047
===> Epoch[12](2700/2895): Loss: 391.8903808594
===> Epoch[12](2800/2895): Loss: 342.9171142578
Checkpoint saved to checkpoint/model_epoch_12.pth
Epoch = 13, lr = 0.010000000000000002
===> Epoch[13](100/2895): Loss: 383.3547058105
===> Epoch[13](200/2895): Loss: 398.7715454102
===> Epoch[13](300/2895): Loss: 283.5026855469
===> Epoch[13](400/2895): Loss: 321.4184265137
===> Epoch[13](500/2895): Loss: 353.0116271973
===> Epoch[13](600/2895): Loss: 428.4513549805
===> Epoch[13](700/2895): Loss: 294.2376098633
===> Epoch[13](800/2895): Loss: 454.2277526855
===> Epoch[13](900/2895): Loss: 297.2456970215
===> Epoch[13](1000/2895): Loss: 288.5113830566
===> Epoch[13](1100/2895): Loss: 256.5475158691
===> Epoch[13](1200/2895): Loss: 298.3302001953
===> Epoch[13](1300/2895): Loss: 289.0469970703
===> Epoch[13](1400/2895): Loss: 405.4225463867
===> Epoch[13](1500/2895): Loss: 374.2073974609
===> Epoch[13](1600/2895): Loss: 364.2748107910
===> Epoch[13](1700/2895): Loss: 293.0459594727
===> Epoch[13](1800/2895): Loss: 382.2994689941
===> Epoch[13](1900/2895): Loss: 359.4593505859
===> Epoch[13](2000/2895): Loss: 275.1931762695
===> Epoch[13](2100/2895): Loss: 244.5296478271
===> Epoch[13](2200/2895): Loss: 348.3538513184
===> Epoch[13](2300/2895): Loss: 310.7852172852
===> Epoch[13](2400/2895): Loss: 285.6654357910
===> Epoch[13](2500/2895): Loss: 326.9278259277
===> Epoch[13](2600/2895): Loss: 375.3994750977
===> Epoch[13](2700/2895): Loss: 394.5931701660
===> Epoch[13](2800/2895): Loss: 349.4903259277
Checkpoint saved to checkpoint/model_epoch_13.pth
Epoch = 14, lr = 0.010000000000000002
===> Epoch[14](100/2895): Loss: 268.1850585938
===> Epoch[14](200/2895): Loss: 320.8236694336
===> Epoch[14](300/2895): Loss: 352.4885559082
===> Epoch[14](400/2895): Loss: 332.9793701172
===> Epoch[14](500/2895): Loss: 347.4336547852
===> Epoch[14](600/2895): Loss: 337.9168701172
===> Epoch[14](700/2895): Loss: 289.2143249512
===> Epoch[14](800/2895): Loss: 287.8040771484
===> Epoch[14](900/2895): Loss: 393.2486877441
===> Epoch[14](1000/2895): Loss: 362.0762939453
===> Epoch[14](1100/2895): Loss: 336.9494628906
===> Epoch[14](1200/2895): Loss: 296.2608032227
===> Epoch[14](1300/2895): Loss: 393.8750000000
===> Epoch[14](1400/2895): Loss: 310.9050598145
===> Epoch[14](1500/2895): Loss: 338.5879516602
===> Epoch[14](1600/2895): Loss: 473.4511718750
===> Epoch[14](1700/2895): Loss: 255.6193237305
===> Epoch[14](1800/2895): Loss: 251.9757080078
===> Epoch[14](1900/2895): Loss: 380.2031860352
===> Epoch[14](2000/2895): Loss: 390.7268981934
===> Epoch[14](2100/2895): Loss: 286.5704345703
===> Epoch[14](2200/2895): Loss: 407.5588989258
===> Epoch[14](2300/2895): Loss: 319.1544189453
===> Epoch[14](2400/2895): Loss: 324.7491455078
===> Epoch[14](2500/2895): Loss: 401.8355102539
===> Epoch[14](2600/2895): Loss: 306.7151489258
===> Epoch[14](2700/2895): Loss: 353.4853515625
===> Epoch[14](2800/2895): Loss: 335.8493652344
Checkpoint saved to checkpoint/model_epoch_14.pth
Epoch = 15, lr = 0.010000000000000002
===> Epoch[15](100/2895): Loss: 282.1659545898
===> Epoch[15](200/2895): Loss: 331.1326599121
===> Epoch[15](300/2895): Loss: 299.1887817383
===> Epoch[15](400/2895): Loss: 320.1520080566
===> Epoch[15](500/2895): Loss: 333.5865478516
===> Epoch[15](600/2895): Loss: 286.2407226562
===> Epoch[15](700/2895): Loss: 340.3638305664
===> Epoch[15](800/2895): Loss: 311.2282714844
===> Epoch[15](900/2895): Loss: 312.9072875977
===> Epoch[15](1000/2895): Loss: 375.3059692383
===> Epoch[15](1100/2895): Loss: 372.5941772461
===> Epoch[15](1200/2895): Loss: 314.0965881348
===> Epoch[15](1300/2895): Loss: 349.2083129883
===> Epoch[15](1400/2895): Loss: 325.1954345703
===> Epoch[15](1500/2895): Loss: 325.1890869141
===> Epoch[15](1600/2895): Loss: 315.3233642578
===> Epoch[15](1700/2895): Loss: 389.7837829590
===> Epoch[15](1800/2895): Loss: 271.3929138184
===> Epoch[15](1900/2895): Loss: 294.7421264648
===> Epoch[15](2000/2895): Loss: 314.8230895996
===> Epoch[15](2100/2895): Loss: 345.7691955566
===> Epoch[15](2200/2895): Loss: 468.2768859863
===> Epoch[15](2300/2895): Loss: 318.9215087891
===> Epoch[15](2400/2895): Loss: 339.9304809570
===> Epoch[15](2500/2895): Loss: 287.4633178711
===> Epoch[15](2600/2895): Loss: 280.3605651855
===> Epoch[15](2700/2895): Loss: 328.6882324219
===> Epoch[15](2800/2895): Loss: 263.5291442871
Checkpoint saved to checkpoint/model_epoch_15.pth
Epoch = 16, lr = 0.010000000000000002
===> Epoch[16](100/2895): Loss: 376.3649291992
===> Epoch[16](200/2895): Loss: 312.6192321777
===> Epoch[16](300/2895): Loss: 333.6498413086
===> Epoch[16](400/2895): Loss: 280.9574279785
===> Epoch[16](500/2895): Loss: 305.2328186035
===> Epoch[16](600/2895): Loss: 347.8486938477
===> Epoch[16](700/2895): Loss: 299.0900878906
===> Epoch[16](800/2895): Loss: 404.5326538086
===> Epoch[16](900/2895): Loss: 310.6063232422
===> Epoch[16](1000/2895): Loss: 349.3656005859
===> Epoch[16](1100/2895): Loss: 395.9236450195
===> Epoch[16](1200/2895): Loss: 417.5507812500
===> Epoch[16](1300/2895): Loss: 318.5616149902
===> Epoch[16](1400/2895): Loss: 350.7270812988
===> Epoch[16](1500/2895): Loss: 363.6700744629
===> Epoch[16](1600/2895): Loss: 372.6597900391
===> Epoch[16](1700/2895): Loss: 336.8353271484
===> Epoch[16](1800/2895): Loss: 330.1376953125
===> Epoch[16](1900/2895): Loss: 267.8512268066
===> Epoch[16](2000/2895): Loss: 335.4117736816
===> Epoch[16](2100/2895): Loss: 390.0344238281
===> Epoch[16](2200/2895): Loss: 276.6634826660
===> Epoch[16](2300/2895): Loss: 424.9690551758
===> Epoch[16](2400/2895): Loss: 464.8623962402
===> Epoch[16](2500/2895): Loss: 330.7563476562
===> Epoch[16](2600/2895): Loss: 343.0062866211
===> Epoch[16](2700/2895): Loss: 320.3009643555
===> Epoch[16](2800/2895): Loss: 260.8596191406
Checkpoint saved to checkpoint/model_epoch_16.pth
Epoch = 17, lr = 0.010000000000000002
===> Epoch[17](100/2895): Loss: 377.8997802734
===> Epoch[17](200/2895): Loss: 300.7371826172
===> Epoch[17](300/2895): Loss: 333.6634826660
===> Epoch[17](400/2895): Loss: 365.0911254883
===> Epoch[17](500/2895): Loss: 300.7660217285
===> Epoch[17](600/2895): Loss: 300.1545410156
===> Epoch[17](700/2895): Loss: 306.0107727051
===> Epoch[17](800/2895): Loss: 268.6250610352
===> Epoch[17](900/2895): Loss: 338.9102478027
===> Epoch[17](1000/2895): Loss: 420.6765136719
===> Epoch[17](1100/2895): Loss: 332.5832519531
===> Epoch[17](1200/2895): Loss: 371.5094604492
===> Epoch[17](1300/2895): Loss: 281.0267944336
===> Epoch[17](1400/2895): Loss: 374.3159179688
===> Epoch[17](1500/2895): Loss: 296.8627929688
===> Epoch[17](1600/2895): Loss: 343.3600769043
===> Epoch[17](1700/2895): Loss: 343.0745544434
===> Epoch[17](1800/2895): Loss: 313.6049804688
===> Epoch[17](1900/2895): Loss: 310.7860107422
===> Epoch[17](2000/2895): Loss: 328.8203125000
===> Epoch[17](2100/2895): Loss: 385.5762329102
===> Epoch[17](2200/2895): Loss: 486.1820068359
===> Epoch[17](2300/2895): Loss: 335.9177856445
===> Epoch[17](2400/2895): Loss: 274.0908203125
===> Epoch[17](2500/2895): Loss: 317.8622436523
===> Epoch[17](2600/2895): Loss: 375.9227905273
===> Epoch[17](2700/2895): Loss: 330.6504211426
===> Epoch[17](2800/2895): Loss: 308.8249511719
Checkpoint saved to checkpoint/model_epoch_17.pth
Epoch = 18, lr = 0.010000000000000002
===> Epoch[18](100/2895): Loss: 331.4252929688
===> Epoch[18](200/2895): Loss: 404.1734619141
===> Epoch[18](300/2895): Loss: 276.9194946289
===> Epoch[18](400/2895): Loss: 414.7859802246
===> Epoch[18](500/2895): Loss: 221.4843902588
===> Epoch[18](600/2895): Loss: 285.7110900879
===> Epoch[18](700/2895): Loss: 396.2330017090
===> Epoch[18](800/2895): Loss: 293.4179992676
===> Epoch[18](900/2895): Loss: 264.6618652344
===> Epoch[18](1000/2895): Loss: 321.8998413086
===> Epoch[18](1100/2895): Loss: 305.6525268555
===> Epoch[18](1200/2895): Loss: 332.1694335938
===> Epoch[18](1300/2895): Loss: 372.5714416504
===> Epoch[18](1400/2895): Loss: 383.3976135254
===> Epoch[18](1500/2895): Loss: 301.8396606445
===> Epoch[18](1600/2895): Loss: 303.3746337891
===> Epoch[18](1700/2895): Loss: 367.4493408203
===> Epoch[18](1800/2895): Loss: 377.1830139160
===> Epoch[18](1900/2895): Loss: 326.1518859863
===> Epoch[18](2000/2895): Loss: 340.0552978516
===> Epoch[18](2100/2895): Loss: 364.8203125000
===> Epoch[18](2200/2895): Loss: 357.6200866699
===> Epoch[18](2300/2895): Loss: 308.7252502441
===> Epoch[18](2400/2895): Loss: 412.0537109375
===> Epoch[18](2500/2895): Loss: 331.1872863770
===> Epoch[18](2600/2895): Loss: 496.2568664551
===> Epoch[18](2700/2895): Loss: 345.8149414062
===> Epoch[18](2800/2895): Loss: 340.2072448730
Checkpoint saved to checkpoint/model_epoch_18.pth
Epoch = 19, lr = 0.010000000000000002
===> Epoch[19](100/2895): Loss: 272.2633666992
===> Epoch[19](200/2895): Loss: 344.1338806152
===> Epoch[19](300/2895): Loss: 361.5559692383
===> Epoch[19](400/2895): Loss: 280.1638793945
===> Epoch[19](500/2895): Loss: 373.0653686523
===> Epoch[19](600/2895): Loss: 314.2987976074
===> Epoch[19](700/2895): Loss: 464.3647460938
===> Epoch[19](800/2895): Loss: 340.9810180664
===> Epoch[19](900/2895): Loss: 345.2043457031
===> Epoch[19](1000/2895): Loss: 343.6723022461
===> Epoch[19](1100/2895): Loss: 365.0459594727
===> Epoch[19](1200/2895): Loss: 307.7443237305
===> Epoch[19](1300/2895): Loss: 414.1898193359
===> Epoch[19](1400/2895): Loss: 282.1997070312
===> Epoch[19](1500/2895): Loss: 292.8812255859
===> Epoch[19](1600/2895): Loss: 362.9827270508
===> Epoch[19](1700/2895): Loss: 362.5582885742
===> Epoch[19](1800/2895): Loss: 323.2542419434
===> Epoch[19](1900/2895): Loss: 259.8993225098
===> Epoch[19](2000/2895): Loss: 316.6245422363
===> Epoch[19](2100/2895): Loss: 256.2431945801
===> Epoch[19](2200/2895): Loss: 359.5417175293
===> Epoch[19](2300/2895): Loss: 369.3757629395
===> Epoch[19](2400/2895): Loss: 298.9822998047
===> Epoch[19](2500/2895): Loss: 310.8209838867
===> Epoch[19](2600/2895): Loss: 401.8429565430
===> Epoch[19](2700/2895): Loss: 389.4503173828
===> Epoch[19](2800/2895): Loss: 308.8686523438
Checkpoint saved to checkpoint/model_epoch_19.pth
Epoch = 20, lr = 0.010000000000000002
===> Epoch[20](100/2895): Loss: 278.1899414062
===> Epoch[20](200/2895): Loss: 292.1107788086
===> Epoch[20](300/2895): Loss: 367.8532104492
===> Epoch[20](400/2895): Loss: 340.7229003906
===> Epoch[20](500/2895): Loss: 355.0129394531
===> Epoch[20](600/2895): Loss: 355.3244934082
===> Epoch[20](700/2895): Loss: 336.0327758789
===> Epoch[20](800/2895): Loss: 342.5096435547
===> Epoch[20](900/2895): Loss: 297.8880004883
===> Epoch[20](1000/2895): Loss: 335.8065795898
===> Epoch[20](1100/2895): Loss: 395.3293151855
===> Epoch[20](1200/2895): Loss: 289.5917053223
===> Epoch[20](1300/2895): Loss: 345.3351135254
===> Epoch[20](1400/2895): Loss: 308.0228271484
===> Epoch[20](1500/2895): Loss: 291.0417785645
===> Epoch[20](1600/2895): Loss: 320.0372314453
===> Epoch[20](1700/2895): Loss: 254.8028869629
===> Epoch[20](1800/2895): Loss: 334.4158325195
===> Epoch[20](1900/2895): Loss: 321.7426147461
===> Epoch[20](2000/2895): Loss: 337.5987243652
===> Epoch[20](2100/2895): Loss: 306.1665649414
===> Epoch[20](2200/2895): Loss: 379.0259704590
===> Epoch[20](2300/2895): Loss: 378.1876220703
===> Epoch[20](2400/2895): Loss: 348.7320861816
===> Epoch[20](2500/2895): Loss: 329.0050354004
===> Epoch[20](2600/2895): Loss: 357.9019775391
===> Epoch[20](2700/2895): Loss: 385.0052490234
===> Epoch[20](2800/2895): Loss: 306.7006530762
Checkpoint saved to checkpoint/model_epoch_20.pth
Epoch = 21, lr = 0.0010000000000000002
===> Epoch[21](100/2895): Loss: 265.5596618652
===> Epoch[21](200/2895): Loss: 340.1373291016
===> Epoch[21](300/2895): Loss: 407.8156433105
===> Epoch[21](400/2895): Loss: 409.3159790039
===> Epoch[21](500/2895): Loss: 308.4597167969
===> Epoch[21](600/2895): Loss: 328.4861450195
===> Epoch[21](700/2895): Loss: 353.2468566895
===> Epoch[21](800/2895): Loss: 313.5122680664
===> Epoch[21](900/2895): Loss: 325.2213134766
===> Epoch[21](1000/2895): Loss: 304.5378417969
===> Epoch[21](1100/2895): Loss: 283.4813537598
===> Epoch[21](1200/2895): Loss: 327.3766479492
===> Epoch[21](1300/2895): Loss: 349.2889099121
===> Epoch[21](1400/2895): Loss: 308.7349853516
===> Epoch[21](1500/2895): Loss: 334.0454711914
===> Epoch[21](1600/2895): Loss: 288.8733520508
===> Epoch[21](1700/2895): Loss: 297.9700622559
===> Epoch[21](1800/2895): Loss: 331.7338256836
===> Epoch[21](1900/2895): Loss: 297.5196228027
===> Epoch[21](2000/2895): Loss: 318.9368896484
===> Epoch[21](2100/2895): Loss: 314.7618103027
===> Epoch[21](2200/2895): Loss: 347.5543212891
===> Epoch[21](2300/2895): Loss: 358.2868652344
===> Epoch[21](2400/2895): Loss: 333.3215942383
===> Epoch[21](2500/2895): Loss: 268.9949340820
===> Epoch[21](2600/2895): Loss: 338.5768432617
===> Epoch[21](2700/2895): Loss: 249.5963439941
===> Epoch[21](2800/2895): Loss: 332.1504211426
Checkpoint saved to checkpoint/model_epoch_21.pth
Epoch = 22, lr = 0.0010000000000000002
===> Epoch[22](100/2895): Loss: 308.9991149902
===> Epoch[22](200/2895): Loss: 350.6612243652
===> Epoch[22](300/2895): Loss: 322.5713806152
===> Epoch[22](400/2895): Loss: 324.5535583496
===> Epoch[22](500/2895): Loss: 396.4562683105
===> Epoch[22](600/2895): Loss: 265.4746398926
===> Epoch[22](700/2895): Loss: 327.5652770996
===> Epoch[22](800/2895): Loss: 400.4384155273
===> Epoch[22](900/2895): Loss: 347.7340087891
===> Epoch[22](1000/2895): Loss: 336.2664794922
===> Epoch[22](1100/2895): Loss: 328.8026428223
===> Epoch[22](1200/2895): Loss: 405.6121826172
===> Epoch[22](1300/2895): Loss: 312.8677673340
===> Epoch[22](1400/2895): Loss: 341.5341796875
===> Epoch[22](1500/2895): Loss: 344.5333862305
===> Epoch[22](1600/2895): Loss: 322.4981384277
===> Epoch[22](1700/2895): Loss: 315.1996459961
===> Epoch[22](1800/2895): Loss: 328.6825561523
===> Epoch[22](1900/2895): Loss: 345.5650939941
===> Epoch[22](2000/2895): Loss: 306.6389465332
===> Epoch[22](2100/2895): Loss: 370.2538452148
===> Epoch[22](2200/2895): Loss: 342.6159667969
===> Epoch[22](2300/2895): Loss: 333.7146911621
===> Epoch[22](2400/2895): Loss: 316.5219726562
===> Epoch[22](2500/2895): Loss: 348.2141723633
===> Epoch[22](2600/2895): Loss: 329.4060363770
===> Epoch[22](2700/2895): Loss: 433.2789611816
===> Epoch[22](2800/2895): Loss: 241.8152160645
Checkpoint saved to checkpoint/model_epoch_22.pth
Epoch = 23, lr = 0.0010000000000000002
===> Epoch[23](100/2895): Loss: 321.4393920898
===> Epoch[23](200/2895): Loss: 351.9165954590
===> Epoch[23](300/2895): Loss: 301.1698608398
===> Epoch[23](400/2895): Loss: 249.9314422607
===> Epoch[23](500/2895): Loss: 264.0842590332
===> Epoch[23](600/2895): Loss: 346.4726867676
===> Epoch[23](700/2895): Loss: 340.3966064453
===> Epoch[23](800/2895): Loss: 333.5757141113
===> Epoch[23](900/2895): Loss: 362.8938293457
===> Epoch[23](1000/2895): Loss: 278.1983337402
===> Epoch[23](1100/2895): Loss: 301.8581542969
===> Epoch[23](1200/2895): Loss: 321.9183654785
===> Epoch[23](1300/2895): Loss: 284.5219726562
===> Epoch[23](1400/2895): Loss: 238.1879882812
===> Epoch[23](1500/2895): Loss: 291.3439025879
===> Epoch[23](1600/2895): Loss: 348.3852844238
===> Epoch[23](1700/2895): Loss: 449.3852539062
===> Epoch[23](1800/2895): Loss: 261.5996704102
===> Epoch[23](1900/2895): Loss: 339.7735595703
===> Epoch[23](2000/2895): Loss: 275.6567687988
===> Epoch[23](2100/2895): Loss: 346.3156127930
===> Epoch[23](2200/2895): Loss: 353.6225280762
===> Epoch[23](2300/2895): Loss: 408.8728637695
===> Epoch[23](2400/2895): Loss: 290.6942749023
===> Epoch[23](2500/2895): Loss: 285.2240905762
===> Epoch[23](2600/2895): Loss: 366.7082519531
===> Epoch[23](2700/2895): Loss: 354.0995178223
===> Epoch[23](2800/2895): Loss: 349.1062622070
Checkpoint saved to checkpoint/model_epoch_23.pth
Epoch = 24, lr = 0.0010000000000000002
===> Epoch[24](100/2895): Loss: 310.8697509766
===> Epoch[24](200/2895): Loss: 323.5120544434
===> Epoch[24](300/2895): Loss: 281.1912841797
===> Epoch[24](400/2895): Loss: 358.8064270020
===> Epoch[24](500/2895): Loss: 310.3504943848
===> Epoch[24](600/2895): Loss: 388.2647705078
===> Epoch[24](700/2895): Loss: 260.7665100098
===> Epoch[24](800/2895): Loss: 285.0138549805
===> Epoch[24](900/2895): Loss: 404.5420837402
===> Epoch[24](1000/2895): Loss: 421.1363525391
===> Epoch[24](1100/2895): Loss: 366.4466247559
===> Epoch[24](1200/2895): Loss: 307.1401977539
===> Epoch[24](1300/2895): Loss: 316.0693359375
===> Epoch[24](1400/2895): Loss: 312.8153686523
===> Epoch[24](1500/2895): Loss: 387.1524658203
===> Epoch[24](1600/2895): Loss: 268.8986511230
===> Epoch[24](1700/2895): Loss: 353.3008117676
===> Epoch[24](1800/2895): Loss: 272.9643859863
===> Epoch[24](1900/2895): Loss: 350.5143432617
===> Epoch[24](2000/2895): Loss: 296.8030395508
===> Epoch[24](2100/2895): Loss: 283.8833007812
===> Epoch[24](2200/2895): Loss: 277.8641357422
===> Epoch[24](2300/2895): Loss: 341.5386962891
===> Epoch[24](2400/2895): Loss: 325.7399597168
===> Epoch[24](2500/2895): Loss: 335.9136047363
===> Epoch[24](2600/2895): Loss: 321.1353454590
===> Epoch[24](2700/2895): Loss: 326.8861083984
===> Epoch[24](2800/2895): Loss: 340.8758544922
Checkpoint saved to checkpoint/model_epoch_24.pth
Epoch = 25, lr = 0.0010000000000000002
===> Epoch[25](100/2895): Loss: 324.7575988770
===> Epoch[25](200/2895): Loss: 303.7747802734
===> Epoch[25](300/2895): Loss: 310.3110351562
===> Epoch[25](400/2895): Loss: 247.6711273193
===> Epoch[25](500/2895): Loss: 289.6439208984
===> Epoch[25](600/2895): Loss: 357.9431762695
===> Epoch[25](700/2895): Loss: 312.2504272461
===> Epoch[25](800/2895): Loss: 332.8106689453
===> Epoch[25](900/2895): Loss: 305.1344909668
===> Epoch[25](1000/2895): Loss: 315.5061645508
===> Epoch[25](1100/2895): Loss: 287.2590637207
===> Epoch[25](1200/2895): Loss: 302.9508666992
===> Epoch[25](1300/2895): Loss: 332.7160339355
===> Epoch[25](1400/2895): Loss: 350.2672119141
===> Epoch[25](1500/2895): Loss: 317.8594360352
===> Epoch[25](1600/2895): Loss: 353.2378234863
===> Epoch[25](1700/2895): Loss: 299.6571044922
===> Epoch[25](1800/2895): Loss: 294.5415649414
===> Epoch[25](1900/2895): Loss: 285.7001037598
===> Epoch[25](2000/2895): Loss: 317.9033813477
===> Epoch[25](2100/2895): Loss: 329.3089599609
===> Epoch[25](2200/2895): Loss: 379.5403442383
===> Epoch[25](2300/2895): Loss: 314.2964172363
===> Epoch[25](2400/2895): Loss: 265.0852661133
===> Epoch[25](2500/2895): Loss: 322.8896484375
===> Epoch[25](2600/2895): Loss: 366.1683044434
===> Epoch[25](2700/2895): Loss: 273.3905639648
===> Epoch[25](2800/2895): Loss: 381.7803039551
Checkpoint saved to checkpoint/model_epoch_25.pth
Epoch = 26, lr = 0.0010000000000000002
===> Epoch[26](100/2895): Loss: 266.3790283203
===> Epoch[26](200/2895): Loss: 272.9380187988
===> Epoch[26](300/2895): Loss: 259.8811645508
===> Epoch[26](400/2895): Loss: 346.8204040527
===> Epoch[26](500/2895): Loss: 298.7079467773
===> Epoch[26](600/2895): Loss: 338.2299804688
===> Epoch[26](700/2895): Loss: 277.6469116211
===> Epoch[26](800/2895): Loss: 310.6568603516
===> Epoch[26](900/2895): Loss: 310.1247558594
===> Epoch[26](1000/2895): Loss: 360.3629150391
===> Epoch[26](1100/2895): Loss: 296.0212097168
===> Epoch[26](1200/2895): Loss: 345.1828918457
===> Epoch[26](1300/2895): Loss: 335.8145751953
===> Epoch[26](1400/2895): Loss: 296.3469848633
===> Epoch[26](1500/2895): Loss: 335.6585693359
===> Epoch[26](1600/2895): Loss: 341.8326416016
===> Epoch[26](1700/2895): Loss: 322.5772705078
===> Epoch[26](1800/2895): Loss: 336.6588745117
===> Epoch[26](1900/2895): Loss: 282.1170654297
===> Epoch[26](2000/2895): Loss: 363.2012329102
===> Epoch[26](2100/2895): Loss: 292.1526184082
===> Epoch[26](2200/2895): Loss: 265.9237060547
===> Epoch[26](2300/2895): Loss: 279.9582214355
===> Epoch[26](2400/2895): Loss: 268.9128417969
===> Epoch[26](2500/2895): Loss: 288.7714233398
===> Epoch[26](2600/2895): Loss: 315.2189941406
===> Epoch[26](2700/2895): Loss: 269.7832641602
===> Epoch[26](2800/2895): Loss: 333.5486755371
Checkpoint saved to checkpoint/model_epoch_26.pth
Epoch = 27, lr = 0.0010000000000000002
===> Epoch[27](100/2895): Loss: 293.7237243652
===> Epoch[27](200/2895): Loss: 412.5979003906
===> Epoch[27](300/2895): Loss: 304.5587463379
===> Epoch[27](400/2895): Loss: 258.8415222168
===> Epoch[27](500/2895): Loss: 316.4094238281
===> Epoch[27](600/2895): Loss: 356.0187072754
===> Epoch[27](700/2895): Loss: 341.8914184570
===> Epoch[27](800/2895): Loss: 350.9824523926
===> Epoch[27](900/2895): Loss: 318.4266967773
===> Epoch[27](1000/2895): Loss: 270.9807739258
===> Epoch[27](1100/2895): Loss: 370.5666809082
===> Epoch[27](1200/2895): Loss: 274.9913330078
===> Epoch[27](1300/2895): Loss: 321.3393554688
===> Epoch[27](1400/2895): Loss: 342.6615600586
===> Epoch[27](1500/2895): Loss: 326.2928771973
===> Epoch[27](1600/2895): Loss: 327.8591613770
===> Epoch[27](1700/2895): Loss: 438.4506835938
===> Epoch[27](1800/2895): Loss: 311.4417114258
===> Epoch[27](1900/2895): Loss: 373.0125122070
===> Epoch[27](2000/2895): Loss: 339.8538513184
===> Epoch[27](2100/2895): Loss: 312.5067443848
===> Epoch[27](2200/2895): Loss: 263.2157592773
===> Epoch[27](2300/2895): Loss: 339.7199096680
===> Epoch[27](2400/2895): Loss: 304.5532836914
===> Epoch[27](2500/2895): Loss: 272.8840942383
===> Epoch[27](2600/2895): Loss: 312.3286743164
===> Epoch[27](2700/2895): Loss: 277.4810791016
===> Epoch[27](2800/2895): Loss: 302.8428344727
Checkpoint saved to checkpoint/model_epoch_27.pth
Epoch = 28, lr = 0.0010000000000000002
===> Epoch[28](100/2895): Loss: 300.1030578613
===> Epoch[28](200/2895): Loss: 420.8587036133
===> Epoch[28](300/2895): Loss: 256.7123718262
===> Epoch[28](400/2895): Loss: 270.5750732422
===> Epoch[28](500/2895): Loss: 319.9927978516
===> Epoch[28](600/2895): Loss: 329.0028076172
===> Epoch[28](700/2895): Loss: 303.0774841309
===> Epoch[28](800/2895): Loss: 353.4753112793
===> Epoch[28](900/2895): Loss: 256.8884582520
===> Epoch[28](1000/2895): Loss: 334.4556274414
===> Epoch[28](1100/2895): Loss: 400.7728271484
===> Epoch[28](1200/2895): Loss: 306.4086914062
===> Epoch[28](1300/2895): Loss: 252.8677520752
===> Epoch[28](1400/2895): Loss: 324.1778259277
===> Epoch[28](1500/2895): Loss: 290.5626831055
===> Epoch[28](1600/2895): Loss: 307.5103454590
===> Epoch[28](1700/2895): Loss: 330.6920776367
===> Epoch[28](1800/2895): Loss: 309.2594909668
===> Epoch[28](1900/2895): Loss: 372.8159790039
===> Epoch[28](2000/2895): Loss: 291.6809082031
===> Epoch[28](2100/2895): Loss: 268.2196044922
===> Epoch[28](2200/2895): Loss: 351.5520019531
===> Epoch[28](2300/2895): Loss: 312.1513671875
===> Epoch[28](2400/2895): Loss: 374.1076660156
===> Epoch[28](2500/2895): Loss: 385.1246337891
===> Epoch[28](2600/2895): Loss: 332.6519775391
===> Epoch[28](2700/2895): Loss: 306.8545837402
===> Epoch[28](2800/2895): Loss: 326.3453063965
Checkpoint saved to checkpoint/model_epoch_28.pth
Epoch = 29, lr = 0.0010000000000000002
===> Epoch[29](100/2895): Loss: 277.6262207031
===> Epoch[29](200/2895): Loss: 257.8472900391
===> Epoch[29](300/2895): Loss: 285.3398132324
===> Epoch[29](400/2895): Loss: 322.8366394043
===> Epoch[29](500/2895): Loss: 313.1521606445
===> Epoch[29](600/2895): Loss: 283.9615478516
===> Epoch[29](700/2895): Loss: 324.4442443848
===> Epoch[29](800/2895): Loss: 354.0420837402
===> Epoch[29](900/2895): Loss: 369.0471496582
===> Epoch[29](1000/2895): Loss: 316.3881530762
===> Epoch[29](1100/2895): Loss: 276.6422729492
===> Epoch[29](1200/2895): Loss: 283.9313354492
===> Epoch[29](1300/2895): Loss: 399.6023559570
===> Epoch[29](1400/2895): Loss: 367.4451904297
===> Epoch[29](1500/2895): Loss: 367.9877929688
===> Epoch[29](1600/2895): Loss: 340.9971923828
===> Epoch[29](1700/2895): Loss: 349.1063842773
===> Epoch[29](1800/2895): Loss: 291.5345153809
===> Epoch[29](1900/2895): Loss: 325.4383544922
===> Epoch[29](2000/2895): Loss: 376.5562133789
===> Epoch[29](2100/2895): Loss: 329.4490966797
===> Epoch[29](2200/2895): Loss: 357.1043090820
===> Epoch[29](2300/2895): Loss: 295.6577148438
===> Epoch[29](2400/2895): Loss: 301.6580505371
===> Epoch[29](2500/2895): Loss: 359.4488830566
===> Epoch[29](2600/2895): Loss: 300.3885803223
===> Epoch[29](2700/2895): Loss: 302.0985107422
===> Epoch[29](2800/2895): Loss: 269.6961975098
Checkpoint saved to checkpoint/model_epoch_29.pth
Epoch = 30, lr = 0.0010000000000000002
===> Epoch[30](100/2895): Loss: 352.4808654785
===> Epoch[30](200/2895): Loss: 408.3342285156
===> Epoch[30](300/2895): Loss: 300.5563354492
===> Epoch[30](400/2895): Loss: 361.9769897461
===> Epoch[30](500/2895): Loss: 341.7017517090
===> Epoch[30](600/2895): Loss: 352.9095458984
===> Epoch[30](700/2895): Loss: 372.6281127930
===> Epoch[30](800/2895): Loss: 359.9707031250
===> Epoch[30](900/2895): Loss: 352.1618957520
===> Epoch[30](1000/2895): Loss: 395.1397399902
===> Epoch[30](1100/2895): Loss: 339.9931030273
===> Epoch[30](1200/2895): Loss: 352.2506408691
===> Epoch[30](1300/2895): Loss: 372.0707397461
===> Epoch[30](1400/2895): Loss: 357.6830749512
===> Epoch[30](1500/2895): Loss: 321.9907531738
===> Epoch[30](1600/2895): Loss: 357.3031005859
===> Epoch[30](1700/2895): Loss: 330.6039428711
===> Epoch[30](1800/2895): Loss: 276.8067626953
===> Epoch[30](1900/2895): Loss: 389.9560852051
===> Epoch[30](2000/2895): Loss: 302.8247070312
===> Epoch[30](2100/2895): Loss: 361.4497680664
===> Epoch[30](2200/2895): Loss: 395.4730224609
===> Epoch[30](2300/2895): Loss: 257.2901916504
===> Epoch[30](2400/2895): Loss: 377.0703430176
===> Epoch[30](2500/2895): Loss: 348.0156250000
===> Epoch[30](2600/2895): Loss: 328.1264343262
===> Epoch[30](2700/2895): Loss: 337.0154418945
===> Epoch[30](2800/2895): Loss: 348.2200317383
Checkpoint saved to checkpoint/model_epoch_30.pth
Epoch = 31, lr = 0.00010000000000000003
===> Epoch[31](100/2895): Loss: 301.3555908203
===> Epoch[31](200/2895): Loss: 345.9227905273
===> Epoch[31](300/2895): Loss: 365.6548461914
===> Epoch[31](400/2895): Loss: 290.3067321777
===> Epoch[31](500/2895): Loss: 329.6132812500
===> Epoch[31](600/2895): Loss: 316.1182861328
===> Epoch[31](700/2895): Loss: 435.9538574219
===> Epoch[31](800/2895): Loss: 272.9868774414
===> Epoch[31](900/2895): Loss: 335.6159667969
===> Epoch[31](1000/2895): Loss: 312.2255859375
===> Epoch[31](1100/2895): Loss: 323.1930541992
===> Epoch[31](1200/2895): Loss: 285.8552856445
===> Epoch[31](1300/2895): Loss: 355.2152404785
===> Epoch[31](1400/2895): Loss: 283.0160522461
===> Epoch[31](1500/2895): Loss: 344.3095703125
===> Epoch[31](1600/2895): Loss: 378.1157531738
===> Epoch[31](1700/2895): Loss: 262.9177246094
===> Epoch[31](1800/2895): Loss: 281.5491943359
===> Epoch[31](1900/2895): Loss: 335.4176635742
===> Epoch[31](2000/2895): Loss: 394.0713500977
===> Epoch[31](2100/2895): Loss: 301.2054138184
===> Epoch[31](2200/2895): Loss: 357.0571289062
===> Epoch[31](2300/2895): Loss: 354.4540710449
===> Epoch[31](2400/2895): Loss: 275.2465209961
===> Epoch[31](2500/2895): Loss: 372.7164916992
===> Epoch[31](2600/2895): Loss: 243.6772155762
===> Epoch[31](2700/2895): Loss: 350.3430175781
===> Epoch[31](2800/2895): Loss: 349.9377746582
Checkpoint saved to checkpoint/model_epoch_31.pth
Epoch = 32, lr = 0.00010000000000000003
===> Epoch[32](100/2895): Loss: 307.4464721680
===> Epoch[32](200/2895): Loss: 289.2835083008
===> Epoch[32](300/2895): Loss: 345.9546508789
===> Epoch[32](400/2895): Loss: 329.9866943359
===> Epoch[32](500/2895): Loss: 464.8090515137
===> Epoch[32](600/2895): Loss: 327.3051147461
===> Epoch[32](700/2895): Loss: 319.1530151367
===> Epoch[32](800/2895): Loss: 360.3115234375
===> Epoch[32](900/2895): Loss: 379.2341613770
===> Epoch[32](1000/2895): Loss: 286.7265625000
===> Epoch[32](1100/2895): Loss: 308.9981079102
===> Epoch[32](1200/2895): Loss: 288.2790222168
===> Epoch[32](1300/2895): Loss: 301.0925903320
===> Epoch[32](1400/2895): Loss: 400.2151184082
===> Epoch[32](1500/2895): Loss: 314.8750305176
===> Epoch[32](1600/2895): Loss: 384.9436340332
===> Epoch[32](1700/2895): Loss: 297.7373657227
===> Epoch[32](1800/2895): Loss: 278.1769714355
===> Epoch[32](1900/2895): Loss: 304.5842285156
===> Epoch[32](2000/2895): Loss: 303.3647766113
===> Epoch[32](2100/2895): Loss: 300.0544433594
===> Epoch[32](2200/2895): Loss: 360.8262329102
===> Epoch[32](2300/2895): Loss: 283.9821472168
===> Epoch[32](2400/2895): Loss: 358.4804687500
===> Epoch[32](2500/2895): Loss: 358.1536254883
===> Epoch[32](2600/2895): Loss: 385.7536621094
===> Epoch[32](2700/2895): Loss: 368.6893310547
===> Epoch[32](2800/2895): Loss: 274.1090087891
Checkpoint saved to checkpoint/model_epoch_32.pth
Epoch = 33, lr = 0.00010000000000000003
===> Epoch[33](100/2895): Loss: 351.2078857422
===> Epoch[33](200/2895): Loss: 273.1909790039
===> Epoch[33](300/2895): Loss: 335.2642211914
===> Epoch[33](400/2895): Loss: 328.2923583984
===> Epoch[33](500/2895): Loss: 359.1003417969
===> Epoch[33](600/2895): Loss: 419.1640014648
===> Epoch[33](700/2895): Loss: 241.5746154785
===> Epoch[33](800/2895): Loss: 266.4710083008
===> Epoch[33](900/2895): Loss: 302.6134033203
===> Epoch[33](1000/2895): Loss: 329.9688720703
===> Epoch[33](1100/2895): Loss: 359.4695129395
===> Epoch[33](1200/2895): Loss: 272.8426513672
===> Epoch[33](1300/2895): Loss: 279.5150451660
===> Epoch[33](1400/2895): Loss: 270.4705200195
===> Epoch[33](1500/2895): Loss: 263.6749572754
===> Epoch[33](1600/2895): Loss: 322.6985473633
===> Epoch[33](1700/2895): Loss: 471.7893066406
===> Epoch[33](1800/2895): Loss: 345.7164611816
===> Epoch[33](1900/2895): Loss: 383.9925537109
===> Epoch[33](2000/2895): Loss: 293.4994506836
===> Epoch[33](2100/2895): Loss: 229.1833496094
===> Epoch[33](2200/2895): Loss: 310.2579956055
===> Epoch[33](2300/2895): Loss: 316.4915771484
===> Epoch[33](2400/2895): Loss: 274.0597534180
===> Epoch[33](2500/2895): Loss: 446.5492553711
===> Epoch[33](2600/2895): Loss: 266.2107543945
===> Epoch[33](2700/2895): Loss: 428.6375122070
===> Epoch[33](2800/2895): Loss: 313.9988708496
Checkpoint saved to checkpoint/model_epoch_33.pth
Epoch = 34, lr = 0.00010000000000000003
===> Epoch[34](100/2895): Loss: 354.1199340820
===> Epoch[34](200/2895): Loss: 287.9289245605
===> Epoch[34](300/2895): Loss: 308.3818359375
===> Epoch[34](400/2895): Loss: 299.2416992188
===> Epoch[34](500/2895): Loss: 350.4971618652
===> Epoch[34](600/2895): Loss: 368.7207641602
===> Epoch[34](700/2895): Loss: 322.0484008789
===> Epoch[34](800/2895): Loss: 273.2026062012
===> Epoch[34](900/2895): Loss: 403.5857543945
===> Epoch[34](1000/2895): Loss: 354.4812927246
===> Epoch[34](1100/2895): Loss: 369.1024475098
===> Epoch[34](1200/2895): Loss: 358.1967163086
===> Epoch[34](1300/2895): Loss: 301.1749877930
===> Epoch[34](1400/2895): Loss: 388.2005004883
===> Epoch[34](1500/2895): Loss: 321.3034057617
===> Epoch[34](1600/2895): Loss: 297.2073059082
===> Epoch[34](1700/2895): Loss: 312.1398315430
===> Epoch[34](1800/2895): Loss: 401.2203369141
===> Epoch[34](1900/2895): Loss: 295.2398071289
===> Epoch[34](2000/2895): Loss: 289.8193969727
===> Epoch[34](2100/2895): Loss: 327.9541320801
===> Epoch[34](2200/2895): Loss: 334.3372802734
===> Epoch[34](2300/2895): Loss: 314.0351257324
===> Epoch[34](2400/2895): Loss: 370.9724731445
===> Epoch[34](2500/2895): Loss: 266.2332763672
===> Epoch[34](2600/2895): Loss: 382.8987426758
===> Epoch[34](2700/2895): Loss: 363.4451599121
===> Epoch[34](2800/2895): Loss: 369.8086547852
Checkpoint saved to checkpoint/model_epoch_34.pth
Epoch = 35, lr = 0.00010000000000000003
===> Epoch[35](100/2895): Loss: 275.1823120117
===> Epoch[35](200/2895): Loss: 365.6925048828
===> Epoch[35](300/2895): Loss: 346.0556640625
===> Epoch[35](400/2895): Loss: 336.0698242188
===> Epoch[35](500/2895): Loss: 315.2767944336
===> Epoch[35](600/2895): Loss: 376.0316467285
===> Epoch[35](700/2895): Loss: 313.3531494141
===> Epoch[35](800/2895): Loss: 313.6715698242
===> Epoch[35](900/2895): Loss: 352.1632080078
===> Epoch[35](1000/2895): Loss: 439.8721008301
===> Epoch[35](1100/2895): Loss: 285.9432373047
===> Epoch[35](1200/2895): Loss: 440.1306457520
===> Epoch[35](1300/2895): Loss: 275.6248779297
===> Epoch[35](1400/2895): Loss: 270.9455566406
===> Epoch[35](1500/2895): Loss: 369.8421630859
===> Epoch[35](1600/2895): Loss: 266.9068298340
===> Epoch[35](1700/2895): Loss: 295.4460144043
===> Epoch[35](1800/2895): Loss: 276.1550598145
===> Epoch[35](1900/2895): Loss: 287.1501159668
===> Epoch[35](2000/2895): Loss: 404.3706054688
===> Epoch[35](2100/2895): Loss: 374.2384948730
===> Epoch[35](2200/2895): Loss: 270.2370605469
===> Epoch[35](2300/2895): Loss: 268.5744628906
===> Epoch[35](2400/2895): Loss: 336.3190917969
===> Epoch[35](2500/2895): Loss: 285.3279418945
===> Epoch[35](2600/2895): Loss: 291.1131591797
===> Epoch[35](2700/2895): Loss: 346.9508056641
===> Epoch[35](2800/2895): Loss: 321.3150634766
Checkpoint saved to checkpoint/model_epoch_35.pth
Epoch = 36, lr = 0.00010000000000000003
===> Epoch[36](100/2895): Loss: 239.2529907227
===> Epoch[36](200/2895): Loss: 271.9137268066
===> Epoch[36](300/2895): Loss: 307.8003845215
===> Epoch[36](400/2895): Loss: 327.5760803223
===> Epoch[36](500/2895): Loss: 347.4416809082
===> Epoch[36](600/2895): Loss: 291.0673522949
===> Epoch[36](700/2895): Loss: 354.6382141113
===> Epoch[36](800/2895): Loss: 379.4515686035
===> Epoch[36](900/2895): Loss: 288.4171447754
===> Epoch[36](1000/2895): Loss: 394.4350280762
===> Epoch[36](1100/2895): Loss: 369.5660705566
===> Epoch[36](1200/2895): Loss: 375.7096862793
===> Epoch[36](1300/2895): Loss: 274.6564331055
===> Epoch[36](1400/2895): Loss: 324.2772521973
===> Epoch[36](1500/2895): Loss: 248.4368591309
===> Epoch[36](1600/2895): Loss: 284.5948791504
===> Epoch[36](1700/2895): Loss: 301.7418212891
===> Epoch[36](1800/2895): Loss: 314.6673278809
===> Epoch[36](1900/2895): Loss: 348.7542114258
===> Epoch[36](2000/2895): Loss: 302.1957092285
===> Epoch[36](2100/2895): Loss: 389.1678466797
===> Epoch[36](2200/2895): Loss: 348.1312866211
===> Epoch[36](2300/2895): Loss: 308.5536499023
===> Epoch[36](2400/2895): Loss: 351.8215026855
===> Epoch[36](2500/2895): Loss: 291.1015319824
===> Epoch[36](2600/2895): Loss: 416.8781127930
===> Epoch[36](2700/2895): Loss: 312.9943542480
===> Epoch[36](2800/2895): Loss: 366.1066284180
Checkpoint saved to checkpoint/model_epoch_36.pth
Epoch = 37, lr = 0.00010000000000000003
===> Epoch[37](100/2895): Loss: 298.8246154785
===> Epoch[37](200/2895): Loss: 291.3627929688
===> Epoch[37](300/2895): Loss: 323.1500854492
===> Epoch[37](400/2895): Loss: 333.3287658691
===> Epoch[37](500/2895): Loss: 408.2919921875
===> Epoch[37](600/2895): Loss: 360.9193725586
===> Epoch[37](700/2895): Loss: 312.3527526855
===> Epoch[37](800/2895): Loss: 313.8792114258
===> Epoch[37](900/2895): Loss: 398.0643920898
===> Epoch[37](1000/2895): Loss: 307.1315307617
===> Epoch[37](1100/2895): Loss: 264.0508422852
===> Epoch[37](1200/2895): Loss: 294.1435241699
===> Epoch[37](1300/2895): Loss: 302.7603454590
===> Epoch[37](1400/2895): Loss: 344.4813232422
===> Epoch[37](1500/2895): Loss: 318.6753234863
===> Epoch[37](1600/2895): Loss: 322.7781982422
===> Epoch[37](1700/2895): Loss: 311.0594177246
===> Epoch[37](1800/2895): Loss: 288.8373107910
===> Epoch[37](1900/2895): Loss: 388.8326416016
===> Epoch[37](2000/2895): Loss: 398.5725402832
===> Epoch[37](2100/2895): Loss: 377.4589233398
===> Epoch[37](2200/2895): Loss: 350.3486938477
===> Epoch[37](2300/2895): Loss: 403.2064819336
===> Epoch[37](2400/2895): Loss: 343.5669555664
===> Epoch[37](2500/2895): Loss: 398.0877685547
===> Epoch[37](2600/2895): Loss: 277.3388366699
===> Epoch[37](2700/2895): Loss: 309.5004882812
===> Epoch[37](2800/2895): Loss: 401.5733642578
Checkpoint saved to checkpoint/model_epoch_37.pth
Epoch = 38, lr = 0.00010000000000000003
===> Epoch[38](100/2895): Loss: 286.0834045410
===> Epoch[38](200/2895): Loss: 325.5737915039
===> Epoch[38](300/2895): Loss: 265.0444946289
===> Epoch[38](400/2895): Loss: 271.5940856934
===> Epoch[38](500/2895): Loss: 353.9010009766
===> Epoch[38](600/2895): Loss: 288.7055053711
===> Epoch[38](700/2895): Loss: 331.5027770996
===> Epoch[38](800/2895): Loss: 319.8073425293
===> Epoch[38](900/2895): Loss: 328.7283325195
===> Epoch[38](1000/2895): Loss: 261.6107788086
===> Epoch[38](1100/2895): Loss: 291.5090332031
===> Epoch[38](1200/2895): Loss: 362.0800170898
===> Epoch[38](1300/2895): Loss: 358.4047851562
===> Epoch[38](1400/2895): Loss: 355.8989257812
===> Epoch[38](1500/2895): Loss: 338.5895690918
===> Epoch[38](1600/2895): Loss: 320.6287841797
===> Epoch[38](1700/2895): Loss: 263.6039428711
===> Epoch[38](1800/2895): Loss: 326.5831909180
===> Epoch[38](1900/2895): Loss: 317.3114013672
===> Epoch[38](2000/2895): Loss: 349.4492797852
===> Epoch[38](2100/2895): Loss: 341.1614379883
===> Epoch[38](2200/2895): Loss: 310.0174865723
===> Epoch[38](2300/2895): Loss: 324.4751586914
===> Epoch[38](2400/2895): Loss: 329.4085693359
===> Epoch[38](2500/2895): Loss: 412.5683288574
===> Epoch[38](2600/2895): Loss: 312.6678466797
===> Epoch[38](2700/2895): Loss: 337.4961853027
===> Epoch[38](2800/2895): Loss: 342.5328979492
Checkpoint saved to checkpoint/model_epoch_38.pth
Epoch = 39, lr = 0.00010000000000000003
===> Epoch[39](100/2895): Loss: 329.7879333496
===> Epoch[39](200/2895): Loss: 347.0587768555
===> Epoch[39](300/2895): Loss: 299.6453247070
===> Epoch[39](400/2895): Loss: 346.0367736816
===> Epoch[39](500/2895): Loss: 297.3757324219
===> Epoch[39](600/2895): Loss: 308.7196655273
===> Epoch[39](700/2895): Loss: 365.0399169922
===> Epoch[39](800/2895): Loss: 320.1444091797
===> Epoch[39](900/2895): Loss: 307.3494262695
===> Epoch[39](1000/2895): Loss: 331.6334533691
===> Epoch[39](1100/2895): Loss: 291.4766540527
===> Epoch[39](1200/2895): Loss: 319.1287841797
===> Epoch[39](1300/2895): Loss: 296.6107788086
===> Epoch[39](1400/2895): Loss: 327.4986877441
===> Epoch[39](1500/2895): Loss: 372.2181091309
===> Epoch[39](1600/2895): Loss: 342.5213928223
===> Epoch[39](1700/2895): Loss: 220.5685424805
===> Epoch[39](1800/2895): Loss: 279.4390869141
===> Epoch[39](1900/2895): Loss: 334.2161254883
===> Epoch[39](2000/2895): Loss: 354.9891357422
===> Epoch[39](2100/2895): Loss: 292.6961975098
===> Epoch[39](2200/2895): Loss: 291.6973266602
===> Epoch[39](2300/2895): Loss: 389.5583496094
===> Epoch[39](2400/2895): Loss: 343.3079223633
===> Epoch[39](2500/2895): Loss: 351.3887939453
===> Epoch[39](2600/2895): Loss: 345.2056579590
===> Epoch[39](2700/2895): Loss: 300.2229919434
===> Epoch[39](2800/2895): Loss: 292.1707763672
Checkpoint saved to checkpoint/model_epoch_39.pth
Epoch = 40, lr = 0.00010000000000000003
===> Epoch[40](100/2895): Loss: 322.4631652832
===> Epoch[40](200/2895): Loss: 372.0691833496
===> Epoch[40](300/2895): Loss: 326.1247558594
===> Epoch[40](400/2895): Loss: 255.8065490723
===> Epoch[40](500/2895): Loss: 295.7508544922
===> Epoch[40](600/2895): Loss: 266.5348815918
===> Epoch[40](700/2895): Loss: 420.3405151367
===> Epoch[40](800/2895): Loss: 416.0070800781
===> Epoch[40](900/2895): Loss: 292.7165527344
===> Epoch[40](1000/2895): Loss: 320.7739257812
===> Epoch[40](1100/2895): Loss: 284.9665832520
===> Epoch[40](1200/2895): Loss: 302.3819274902
===> Epoch[40](1300/2895): Loss: 295.8185424805
===> Epoch[40](1400/2895): Loss: 304.0704345703
===> Epoch[40](1500/2895): Loss: 279.7516174316
===> Epoch[40](1600/2895): Loss: 343.7308349609
===> Epoch[40](1700/2895): Loss: 289.3238525391
===> Epoch[40](1800/2895): Loss: 327.7202758789
===> Epoch[40](1900/2895): Loss: 356.2161254883
===> Epoch[40](2000/2895): Loss: 347.4344482422
===> Epoch[40](2100/2895): Loss: 372.4499816895
===> Epoch[40](2200/2895): Loss: 320.9670715332
===> Epoch[40](2300/2895): Loss: 363.2485656738
===> Epoch[40](2400/2895): Loss: 304.5868225098
===> Epoch[40](2500/2895): Loss: 269.7434692383
===> Epoch[40](2600/2895): Loss: 426.1748046875
===> Epoch[40](2700/2895): Loss: 307.4684143066
===> Epoch[40](2800/2895): Loss: 358.7807617188
Checkpoint saved to checkpoint/model_epoch_40.pth
Epoch = 41, lr = 1.0000000000000003e-05
===> Epoch[41](100/2895): Loss: 286.8029174805
===> Epoch[41](200/2895): Loss: 350.3911132812
===> Epoch[41](300/2895): Loss: 327.0093383789
===> Epoch[41](400/2895): Loss: 299.1806030273
===> Epoch[41](500/2895): Loss: 323.9173278809
===> Epoch[41](600/2895): Loss: 451.4511718750
===> Epoch[41](700/2895): Loss: 391.2941284180
===> Epoch[41](800/2895): Loss: 322.5855102539
===> Epoch[41](900/2895): Loss: 317.7037963867
===> Epoch[41](1000/2895): Loss: 337.0594482422
===> Epoch[41](1100/2895): Loss: 324.1065979004
===> Epoch[41](1200/2895): Loss: 307.9016723633
===> Epoch[41](1300/2895): Loss: 347.3538208008
===> Epoch[41](1400/2895): Loss: 314.1479492188
===> Epoch[41](1500/2895): Loss: 310.9866027832
===> Epoch[41](1600/2895): Loss: 274.5330505371
===> Epoch[41](1700/2895): Loss: 398.3468627930
===> Epoch[41](1800/2895): Loss: 297.9393005371
===> Epoch[41](1900/2895): Loss: 337.4597167969
===> Epoch[41](2000/2895): Loss: 392.5335083008
===> Epoch[41](2100/2895): Loss: 307.4279785156
===> Epoch[41](2200/2895): Loss: 337.5801086426
===> Epoch[41](2300/2895): Loss: 325.7749023438
===> Epoch[41](2400/2895): Loss: 350.7770690918
===> Epoch[41](2500/2895): Loss: 422.8024902344
===> Epoch[41](2600/2895): Loss: 377.4035034180
===> Epoch[41](2700/2895): Loss: 347.0636596680
===> Epoch[41](2800/2895): Loss: 333.2760620117
Checkpoint saved to checkpoint/model_epoch_41.pth
Epoch = 42, lr = 1.0000000000000003e-05
===> Epoch[42](100/2895): Loss: 266.3242492676
===> Epoch[42](200/2895): Loss: 321.2003784180
===> Epoch[42](300/2895): Loss: 367.7892761230
===> Epoch[42](400/2895): Loss: 339.1365051270
===> Epoch[42](500/2895): Loss: 277.4393310547
===> Epoch[42](600/2895): Loss: 370.6887817383
===> Epoch[42](700/2895): Loss: 331.4446716309
===> Epoch[42](800/2895): Loss: 373.1343688965
===> Epoch[42](900/2895): Loss: 415.5055847168
===> Epoch[42](1000/2895): Loss: 208.5185241699
===> Epoch[42](1100/2895): Loss: 298.9365234375
===> Epoch[42](1200/2895): Loss: 426.5301513672
===> Epoch[42](1300/2895): Loss: 267.4200439453
===> Epoch[42](1400/2895): Loss: 326.7828369141
===> Epoch[42](1500/2895): Loss: 344.1572875977
===> Epoch[42](1600/2895): Loss: 265.3952636719
===> Epoch[42](1700/2895): Loss: 310.4441528320
===> Epoch[42](1800/2895): Loss: 305.2041015625
===> Epoch[42](1900/2895): Loss: 367.7230529785
===> Epoch[42](2000/2895): Loss: 340.8900146484
===> Epoch[42](2100/2895): Loss: 325.7151489258
===> Epoch[42](2200/2895): Loss: 304.9268188477
===> Epoch[42](2300/2895): Loss: 320.1395568848
===> Epoch[42](2400/2895): Loss: 341.0358581543
===> Epoch[42](2500/2895): Loss: 300.2452392578
===> Epoch[42](2600/2895): Loss: 290.8292541504
===> Epoch[42](2700/2895): Loss: 330.4786987305
===> Epoch[42](2800/2895): Loss: 302.1643371582
Checkpoint saved to checkpoint/model_epoch_42.pth
Epoch = 43, lr = 1.0000000000000003e-05
===> Epoch[43](100/2895): Loss: 410.3768920898
===> Epoch[43](200/2895): Loss: 335.8559265137
===> Epoch[43](300/2895): Loss: 276.6368408203
===> Epoch[43](400/2895): Loss: 315.2194213867
===> Epoch[43](500/2895): Loss: 286.0286865234
===> Epoch[43](600/2895): Loss: 376.2494506836
===> Epoch[43](700/2895): Loss: 292.9779968262
===> Epoch[43](800/2895): Loss: 322.7326049805
===> Epoch[43](900/2895): Loss: 308.0699462891
===> Epoch[43](1000/2895): Loss: 335.4251708984
===> Epoch[43](1100/2895): Loss: 309.9606018066
===> Epoch[43](1200/2895): Loss: 329.6721801758
===> Epoch[43](1300/2895): Loss: 368.4315795898
===> Epoch[43](1400/2895): Loss: 272.5736999512
===> Epoch[43](1500/2895): Loss: 352.5295715332
===> Epoch[43](1600/2895): Loss: 277.3242492676
===> Epoch[43](1700/2895): Loss: 329.8709106445
===> Epoch[43](1800/2895): Loss: 336.8287963867
===> Epoch[43](1900/2895): Loss: 286.5220336914
===> Epoch[43](2000/2895): Loss: 268.6539001465
===> Epoch[43](2100/2895): Loss: 341.0676574707
===> Epoch[43](2200/2895): Loss: 282.6709594727
===> Epoch[43](2300/2895): Loss: 303.4795532227
===> Epoch[43](2400/2895): Loss: 336.1453857422
===> Epoch[43](2500/2895): Loss: 344.0175476074
===> Epoch[43](2600/2895): Loss: 344.2713928223
===> Epoch[43](2700/2895): Loss: 315.0374755859
===> Epoch[43](2800/2895): Loss: 308.5639038086
Checkpoint saved to checkpoint/model_epoch_43.pth
Epoch = 44, lr = 1.0000000000000003e-05
===> Epoch[44](100/2895): Loss: 210.5939178467
===> Epoch[44](200/2895): Loss: 426.4472656250
===> Epoch[44](300/2895): Loss: 345.7693481445
===> Epoch[44](400/2895): Loss: 272.5296630859
===> Epoch[44](500/2895): Loss: 421.4026794434
===> Epoch[44](600/2895): Loss: 271.9992675781
===> Epoch[44](700/2895): Loss: 408.9086608887
===> Epoch[44](800/2895): Loss: 341.8569641113
===> Epoch[44](900/2895): Loss: 346.0762023926
===> Epoch[44](1000/2895): Loss: 285.1186828613
===> Epoch[44](1100/2895): Loss: 387.4065551758
===> Epoch[44](1200/2895): Loss: 316.6278381348
===> Epoch[44](1300/2895): Loss: 320.0673217773
===> Epoch[44](1400/2895): Loss: 337.9029846191
===> Epoch[44](1500/2895): Loss: 252.4881591797
===> Epoch[44](1600/2895): Loss: 248.6517639160
===> Epoch[44](1700/2895): Loss: 255.5882263184
===> Epoch[44](1800/2895): Loss: 317.3901977539
===> Epoch[44](1900/2895): Loss: 345.6962890625
===> Epoch[44](2000/2895): Loss: 346.4024658203
===> Epoch[44](2100/2895): Loss: 289.4983215332
===> Epoch[44](2200/2895): Loss: 346.3996582031
===> Epoch[44](2300/2895): Loss: 302.3914794922
===> Epoch[44](2400/2895): Loss: 290.7949829102
===> Epoch[44](2500/2895): Loss: 287.2756347656
===> Epoch[44](2600/2895): Loss: 345.6767578125
===> Epoch[44](2700/2895): Loss: 333.9000244141
===> Epoch[44](2800/2895): Loss: 240.9593353271
Checkpoint saved to checkpoint/model_epoch_44.pth
Epoch = 45, lr = 1.0000000000000003e-05
===> Epoch[45](100/2895): Loss: 306.2629089355
===> Epoch[45](200/2895): Loss: 262.4854736328
===> Epoch[45](300/2895): Loss: 362.0509643555
===> Epoch[45](400/2895): Loss: 289.8965759277
===> Epoch[45](500/2895): Loss: 346.3968505859
===> Epoch[45](600/2895): Loss: 277.8002929688
===> Epoch[45](700/2895): Loss: 343.7503662109
===> Epoch[45](800/2895): Loss: 253.3680725098
===> Epoch[45](900/2895): Loss: 300.8124389648
===> Epoch[45](1000/2895): Loss: 357.0149230957
===> Epoch[45](1100/2895): Loss: 387.1035766602
===> Epoch[45](1200/2895): Loss: 407.6001586914
===> Epoch[45](1300/2895): Loss: 382.0656127930
===> Epoch[45](1400/2895): Loss: 312.7725830078
===> Epoch[45](1500/2895): Loss: 395.1234741211
===> Epoch[45](1600/2895): Loss: 274.2098693848
===> Epoch[45](1700/2895): Loss: 311.9968261719
===> Epoch[45](1800/2895): Loss: 295.0872192383
===> Epoch[45](1900/2895): Loss: 368.8757019043
===> Epoch[45](2000/2895): Loss: 309.5798339844
===> Epoch[45](2100/2895): Loss: 312.1521301270
===> Epoch[45](2200/2895): Loss: 333.5863952637
===> Epoch[45](2300/2895): Loss: 367.7380676270
===> Epoch[45](2400/2895): Loss: 370.2025756836
===> Epoch[45](2500/2895): Loss: 337.1018066406
===> Epoch[45](2600/2895): Loss: 333.5387573242
===> Epoch[45](2700/2895): Loss: 344.7468566895
===> Epoch[45](2800/2895): Loss: 336.0661010742
Checkpoint saved to checkpoint/model_epoch_45.pth
Epoch = 46, lr = 1.0000000000000003e-05
===> Epoch[46](100/2895): Loss: 242.2101135254
===> Epoch[46](200/2895): Loss: 320.2772827148
===> Epoch[46](300/2895): Loss: 381.3167419434
===> Epoch[46](400/2895): Loss: 269.1328735352
===> Epoch[46](500/2895): Loss: 314.8984375000
===> Epoch[46](600/2895): Loss: 335.8134460449
===> Epoch[46](700/2895): Loss: 324.1815490723
===> Epoch[46](800/2895): Loss: 364.5625610352
===> Epoch[46](900/2895): Loss: 316.8383789062
===> Epoch[46](1000/2895): Loss: 344.4261169434
===> Epoch[46](1100/2895): Loss: 319.0983886719
===> Epoch[46](1200/2895): Loss: 360.2362060547
===> Epoch[46](1300/2895): Loss: 378.0791625977
===> Epoch[46](1400/2895): Loss: 333.4537048340
===> Epoch[46](1500/2895): Loss: 356.1220703125
===> Epoch[46](1600/2895): Loss: 243.8725280762
===> Epoch[46](1700/2895): Loss: 344.6146545410
===> Epoch[46](1800/2895): Loss: 307.2142639160
===> Epoch[46](1900/2895): Loss: 286.7973632812
===> Epoch[46](2000/2895): Loss: 289.3961181641
===> Epoch[46](2100/2895): Loss: 376.2326660156
===> Epoch[46](2200/2895): Loss: 236.4309844971
===> Epoch[46](2300/2895): Loss: 352.8725280762
===> Epoch[46](2400/2895): Loss: 225.8868103027
===> Epoch[46](2500/2895): Loss: 374.4426574707
===> Epoch[46](2600/2895): Loss: 278.7495422363
===> Epoch[46](2700/2895): Loss: 362.5426330566
===> Epoch[46](2800/2895): Loss: 302.6998596191
Checkpoint saved to checkpoint/model_epoch_46.pth
Epoch = 47, lr = 1.0000000000000003e-05
===> Epoch[47](100/2895): Loss: 335.4566650391
===> Epoch[47](200/2895): Loss: 314.3303527832
===> Epoch[47](300/2895): Loss: 323.5009155273
===> Epoch[47](400/2895): Loss: 392.3034057617
===> Epoch[47](500/2895): Loss: 274.4644165039
===> Epoch[47](600/2895): Loss: 264.7289428711
===> Epoch[47](700/2895): Loss: 336.9734497070
===> Epoch[47](800/2895): Loss: 416.1284179688
===> Epoch[47](900/2895): Loss: 361.7685852051
===> Epoch[47](1000/2895): Loss: 293.5735778809
===> Epoch[47](1100/2895): Loss: 228.6466979980
===> Epoch[47](1200/2895): Loss: 346.9055175781
===> Epoch[47](1300/2895): Loss: 271.7210083008
===> Epoch[47](1400/2895): Loss: 329.9303894043
===> Epoch[47](1500/2895): Loss: 336.3027648926
===> Epoch[47](1600/2895): Loss: 249.5351715088
===> Epoch[47](1700/2895): Loss: 307.8090820312
===> Epoch[47](1800/2895): Loss: 334.4945678711
===> Epoch[47](1900/2895): Loss: 304.8222045898
===> Epoch[47](2000/2895): Loss: 377.6388854980
===> Epoch[47](2100/2895): Loss: 364.5709838867
===> Epoch[47](2200/2895): Loss: 328.0712890625
===> Epoch[47](2300/2895): Loss: 344.7319946289
===> Epoch[47](2400/2895): Loss: 328.8333129883
===> Epoch[47](2500/2895): Loss: 277.6190185547
===> Epoch[47](2600/2895): Loss: 285.9993286133
===> Epoch[47](2700/2895): Loss: 302.6432189941
===> Epoch[47](2800/2895): Loss: 347.8891601562
Checkpoint saved to checkpoint/model_epoch_47.pth
Epoch = 48, lr = 1.0000000000000003e-05
===> Epoch[48](100/2895): Loss: 343.5104064941
===> Epoch[48](200/2895): Loss: 324.4124145508
===> Epoch[48](300/2895): Loss: 297.6079406738
===> Epoch[48](400/2895): Loss: 272.0398254395
===> Epoch[48](500/2895): Loss: 340.8279418945
===> Epoch[48](600/2895): Loss: 251.1263732910
===> Epoch[48](700/2895): Loss: 309.1721801758
===> Epoch[48](800/2895): Loss: 276.1261596680
===> Epoch[48](900/2895): Loss: 279.6914367676
===> Epoch[48](1000/2895): Loss: 327.0489196777
===> Epoch[48](1100/2895): Loss: 303.0013732910
===> Epoch[48](1200/2895): Loss: 326.8805847168
===> Epoch[48](1300/2895): Loss: 339.4927978516
===> Epoch[48](1400/2895): Loss: 323.6195373535
===> Epoch[48](1500/2895): Loss: 283.8451843262
===> Epoch[48](1600/2895): Loss: 328.8010864258
===> Epoch[48](1700/2895): Loss: 313.7083129883
===> Epoch[48](1800/2895): Loss: 333.0150451660
===> Epoch[48](1900/2895): Loss: 317.4679870605
===> Epoch[48](2000/2895): Loss: 301.3087158203
===> Epoch[48](2100/2895): Loss: 330.9971008301
===> Epoch[48](2200/2895): Loss: 359.9065856934
===> Epoch[48](2300/2895): Loss: 369.5784301758
===> Epoch[48](2400/2895): Loss: 331.5339660645
===> Epoch[48](2500/2895): Loss: 375.3352050781
===> Epoch[48](2600/2895): Loss: 229.0076904297
===> Epoch[48](2700/2895): Loss: 320.0267639160
===> Epoch[48](2800/2895): Loss: 286.0887451172
Checkpoint saved to checkpoint/model_epoch_48.pth
Epoch = 49, lr = 1.0000000000000003e-05
===> Epoch[49](100/2895): Loss: 323.3318481445
===> Epoch[49](200/2895): Loss: 311.5753479004
===> Epoch[49](300/2895): Loss: 316.9221191406
===> Epoch[49](400/2895): Loss: 362.2724914551
===> Epoch[49](500/2895): Loss: 338.6384277344
===> Epoch[49](600/2895): Loss: 366.2698364258
===> Epoch[49](700/2895): Loss: 277.7294311523
===> Epoch[49](800/2895): Loss: 415.2567138672
===> Epoch[49](900/2895): Loss: 360.2058105469
===> Epoch[49](1000/2895): Loss: 326.9480895996
===> Epoch[49](1100/2895): Loss: 296.4286193848
===> Epoch[49](1200/2895): Loss: 363.4781799316
===> Epoch[49](1300/2895): Loss: 301.6519470215
===> Epoch[49](1400/2895): Loss: 410.2671203613
===> Epoch[49](1500/2895): Loss: 349.7811279297
===> Epoch[49](1600/2895): Loss: 270.9575195312
===> Epoch[49](1700/2895): Loss: 293.7044677734
===> Epoch[49](1800/2895): Loss: 376.2620849609
===> Epoch[49](1900/2895): Loss: 288.1779174805
===> Epoch[49](2000/2895): Loss: 292.9477539062
===> Epoch[49](2100/2895): Loss: 354.3529663086
===> Epoch[49](2200/2895): Loss: 311.1295776367
===> Epoch[49](2300/2895): Loss: 412.8346557617
===> Epoch[49](2400/2895): Loss: 366.1628723145
===> Epoch[49](2500/2895): Loss: 398.5165710449
===> Epoch[49](2600/2895): Loss: 301.4525451660
===> Epoch[49](2700/2895): Loss: 257.9067077637
===> Epoch[49](2800/2895): Loss: 374.3094177246
Checkpoint saved to checkpoint/model_epoch_49.pth
Epoch = 50, lr = 1.0000000000000003e-05
===> Epoch[50](100/2895): Loss: 342.0812988281
===> Epoch[50](200/2895): Loss: 325.9801025391
===> Epoch[50](300/2895): Loss: 342.8679199219
===> Epoch[50](400/2895): Loss: 358.4439086914
===> Epoch[50](500/2895): Loss: 218.0811462402
===> Epoch[50](600/2895): Loss: 291.7267456055
===> Epoch[50](700/2895): Loss: 273.9879150391
===> Epoch[50](800/2895): Loss: 288.7850036621
===> Epoch[50](900/2895): Loss: 366.5225830078
===> Epoch[50](1000/2895): Loss: 377.2127075195
===> Epoch[50](1100/2895): Loss: 370.8497009277
===> Epoch[50](1200/2895): Loss: 372.3497009277
===> Epoch[50](1300/2895): Loss: 327.0727539062
===> Epoch[50](1400/2895): Loss: 335.1112365723
===> Epoch[50](1500/2895): Loss: 283.4667358398
===> Epoch[50](1600/2895): Loss: 323.4019775391
===> Epoch[50](1700/2895): Loss: 270.7547912598
===> Epoch[50](1800/2895): Loss: 334.9926757812
===> Epoch[50](1900/2895): Loss: 257.6446838379
===> Epoch[50](2000/2895): Loss: 312.8810424805
===> Epoch[50](2100/2895): Loss: 335.3935852051
===> Epoch[50](2200/2895): Loss: 264.8448486328
===> Epoch[50](2300/2895): Loss: 334.3106079102
===> Epoch[50](2400/2895): Loss: 379.5196533203
===> Epoch[50](2500/2895): Loss: 312.6208496094
===> Epoch[50](2600/2895): Loss: 337.0200805664
===> Epoch[50](2700/2895): Loss: 321.3086547852
===> Epoch[50](2800/2895): Loss: 383.8211364746
Checkpoint saved to checkpoint/model_epoch_50.pth
THCudaCheck FAIL file=/opt/conda/conda-bld/pytorch_1544174967633/work/aten/src/THC/THCGeneral.cpp line=405 error=11 : invalid argument
Processing  ./Set5_mat/baby_GT_x2.mat
Processing  ./Set5_mat/bird_GT_x2.mat
Processing  ./Set5_mat/butterfly_GT_x2.mat
Processing  ./Set5_mat/head_GT_x2.mat
Processing  ./Set5_mat/woman_GT_x2.mat
Scale= 2
PSNR_predicted= 37.254291034861055
PSNR_bicubic= 33.69039381292539
It takes average 0.00s for processing
Processing  ./Set5_mat/baby_GT_x3.mat
Processing  ./Set5_mat/bird_GT_x3.mat
Processing  ./Set5_mat/butterfly_GT_x3.mat
Processing  ./Set5_mat/head_GT_x3.mat
Processing  ./Set5_mat/woman_GT_x3.mat
Scale= 3
PSNR_predicted= 33.398540775750995
PSNR_bicubic= 30.407692343235453
It takes average 0.00s for processing
Processing  ./Set5_mat/baby_GT_x4.mat
Processing  ./Set5_mat/bird_GT_x4.mat
Processing  ./Set5_mat/butterfly_GT_x4.mat
Processing  ./Set5_mat/head_GT_x4.mat
Processing  ./Set5_mat/woman_GT_x4.mat
Scale= 4
PSNR_predicted= 30.940816973528648
PSNR_bicubic= 28.41454827257395
It takes average 0.00s for processing
